2017-05-02 22:33:00 - PHP Warning:  unlink(/srv/www/www.newgift.com.hk/public_html/journal-cache/1493764245_j2_config_mega_menu_sk2_s0_l2_cUSD_u0_desktop_price_2.9.4_e4ca763acbea90b1ac34587150f8fac6.cache.html): No such file or directory in /srv/www/www.newgift.com.hk/public_html/system/journal2/classes/journal2_cache.php on line 117
2017-05-02 22:33:00 - PHP Warning:  unlink(/srv/www/www.newgift.com.hk/public_html/journal-cache/1493764245_j2_config_footer_menu_sk2_s0_l2_cUSD_u0_desktop_price_2.9.4_e4ca763acbea90b1ac34587150f8fac6.cache.html): No such file or directory in /srv/www/www.newgift.com.hk/public_html/system/journal2/classes/journal2_cache.php on line 117
2017-06-06 14:11:42 - PHP Warning:  mkdir(): Permission denied in /srv/www/www.newgift.com.hk/public_html/system/storage/modification/admin/controller/common/filemanager.php on line 359
2017-06-06 14:11:42 - PHP Warning:  chmod(): No such file or directory in /srv/www/www.newgift.com.hk/public_html/system/storage/modification/admin/controller/common/filemanager.php on line 360
2017-06-06 14:12:17 - PHP Warning:  move_uploaded_file(/srv/www/www.newgift.com.hk/public_html/image//Party Gift/新世代禮品聖誕球Christmas Ball-CM-BALL001.jpg): failed to open stream: Permission denied in /srv/www/www.newgift.com.hk/public_html/system/storage/modification/admin/controller/common/filemanager.php on line 308
2017-06-06 14:12:17 - PHP Warning:  move_uploaded_file(): Unable to move '/tmp/php0Ne0r9' to '/srv/www/www.newgift.com.hk/public_html/image//Party Gift/新世代禮品聖誕球Christmas Ball-CM-BALL001.jpg' in /srv/www/www.newgift.com.hk/public_html/system/storage/modification/admin/controller/common/filemanager.php on line 308
2017-06-07 3:39:22 - PHP Warning:  move_uploaded_file(/srv/www/www.newgift.com.hk/public_html/image//packing box/新世代禮品禮品盒Gift Box -GB001.jpg): failed to open stream: Permission denied in /srv/www/www.newgift.com.hk/public_html/system/storage/modification/admin/controller/common/filemanager.php on line 308
2017-06-07 3:39:22 - PHP Warning:  move_uploaded_file(): Unable to move '/tmp/phpsCKqCC' to '/srv/www/www.newgift.com.hk/public_html/image//packing box/新世代禮品禮品盒Gift Box -GB001.jpg' in /srv/www/www.newgift.com.hk/public_html/system/storage/modification/admin/controller/common/filemanager.php on line 308
2017-06-07 3:39:33 - PHP Warning:  move_uploaded_file(/srv/www/www.newgift.com.hk/public_html/image//packing box/新世代禮品禮品盒Gift Box -GB003.jpg): failed to open stream: Permission denied in /srv/www/www.newgift.com.hk/public_html/system/storage/modification/admin/controller/common/filemanager.php on line 308
2017-06-07 3:39:33 - PHP Warning:  move_uploaded_file(): Unable to move '/tmp/phpzh06N4' to '/srv/www/www.newgift.com.hk/public_html/image//packing box/新世代禮品禮品盒Gift Box -GB003.jpg' in /srv/www/www.newgift.com.hk/public_html/system/storage/modification/admin/controller/common/filemanager.php on line 308
2017-06-07 3:39:52 - PHP Warning:  move_uploaded_file(/srv/www/www.newgift.com.hk/public_html/image//paper bags/新世代禮品紙袋Paper Bags PP-Bags-001 (2).jpg): failed to open stream: Permission denied in /srv/www/www.newgift.com.hk/public_html/system/storage/modification/admin/controller/common/filemanager.php on line 308
2017-06-07 3:39:52 - PHP Warning:  move_uploaded_file(): Unable to move '/tmp/phpLzHUD8' to '/srv/www/www.newgift.com.hk/public_html/image//paper bags/新世代禮品紙袋Paper Bags PP-Bags-001 (2).jpg' in /srv/www/www.newgift.com.hk/public_html/system/storage/modification/admin/controller/common/filemanager.php on line 308
2017-06-07 3:40:15 - PHP Warning:  move_uploaded_file(/srv/www/www.newgift.com.hk/public_html/image//Christmas Decoration/新世代禮品聖誕球Christmas Ball-CM-BALL001.jpg): failed to open stream: Permission denied in /srv/www/www.newgift.com.hk/public_html/system/storage/modification/admin/controller/common/filemanager.php on line 308
2017-06-07 3:40:15 - PHP Warning:  move_uploaded_file(): Unable to move '/tmp/phpp0LiXK' to '/srv/www/www.newgift.com.hk/public_html/image//Christmas Decoration/新世代禮品聖誕球Christmas Ball-CM-BALL001.jpg' in /srv/www/www.newgift.com.hk/public_html/system/storage/modification/admin/controller/common/filemanager.php on line 308
2017-06-07 3:40:28 - PHP Warning:  move_uploaded_file(/srv/www/www.newgift.com.hk/public_html/image//Banner/Fotolia_93663628.jpg): failed to open stream: Permission denied in /srv/www/www.newgift.com.hk/public_html/system/storage/modification/admin/controller/common/filemanager.php on line 308
2017-06-07 3:40:28 - PHP Warning:  move_uploaded_file(): Unable to move '/tmp/phpflphnE' to '/srv/www/www.newgift.com.hk/public_html/image//Banner/Fotolia_93663628.jpg' in /srv/www/www.newgift.com.hk/public_html/system/storage/modification/admin/controller/common/filemanager.php on line 308
2017-06-07 3:40:47 - PHP Warning:  move_uploaded_file(/srv/www/www.newgift.com.hk/public_html/image//Banner/4343444 (4).jpg): failed to open stream: Permission denied in /srv/www/www.newgift.com.hk/public_html/system/storage/modification/admin/controller/common/filemanager.php on line 308
2017-06-07 3:40:47 - PHP Warning:  move_uploaded_file(): Unable to move '/tmp/phpRpuQOU' to '/srv/www/www.newgift.com.hk/public_html/image//Banner/4343444 (4).jpg' in /srv/www/www.newgift.com.hk/public_html/system/storage/modification/admin/controller/common/filemanager.php on line 308
2017-06-15 9:03:43 - PHP Warning:  unlink(/srv/www/www.newgift.com.hk/public_html/journal-cache/1497516160_j2_module_journal_carousel_3_1_bottom_sk2_s0_l2_cUSD_u0_desktop_noprice_2.9.8_e4ca763acbea90b1ac34587150f8fac6.cache.html): No such file or directory in /srv/www/www.newgift.com.hk/public_html/system/journal2/classes/journal2_cache.php on line 117
2017-06-15 9:03:43 - PHP Warning:  unlink(/srv/www/www.newgift.com.hk/public_html/journal-cache/1497516160_j2_module_journal_side_blocks_26_1_footer_sk2_s0_l2_cUSD_u0_desktop_noprice_2.9.8_e4ca763acbea90b1ac34587150f8fac6.cache.html): No such file or directory in /srv/www/www.newgift.com.hk/public_html/system/journal2/classes/journal2_cache.php on line 117
2017-10-10 1:27:13 - PHP Warning:  unlink(/srv/www/www.newgift.com.hk/public_html/journal-cache/1507597720_j2_module_journal_slider_25_1_top_sk2_s0_l1_cUSD_u0_desktop_noprice_2.9.8_e4ca763acbea90b1ac34587150f8fac6.cache.html): No such file or directory in /srv/www/www.newgift.com.hk/public_html/system/journal2/classes/journal2_cache.php on line 117
2017-10-10 1:27:13 - PHP Warning:  unlink(/srv/www/www.newgift.com.hk/public_html/journal-cache/1507597720_j2_module_journal_side_blocks_18_1_footer_sk2_s0_l1_cUSD_u0_desktop_noprice_2.9.8_e4ca763acbea90b1ac34587150f8fac6.cache.html): No such file or directory in /srv/www/www.newgift.com.hk/public_html/system/journal2/classes/journal2_cache.php on line 117
2017-12-18 16:03:00 - PHP Warning:  unlink(/srv/www/www.newgift.com.hk/public_html/journal-cache/1513612924_j2_module_journal_simple_slider_14_2_column_right_sk2_s0_l2_cUSD_u0_desktop_noprice_2.9.8_e4ca763acbea90b1ac34587150f8fac6.cache.html): No such file or directory in /srv/www/www.newgift.com.hk/public_html/system/journal2/classes/journal2_cache.php on line 117
2018-02-07 21:07:32 - PHP Warning:  unlink(/srv/www/www.newgift.com.hk/public_html/journal-cache/1518037392_j2_config_primary_menu_sk2_s0_l2_cUSD_u0_desktop_noprice_2.9.8_e4ca763acbea90b1ac34587150f8fac6.cache.html): No such file or directory in /srv/www/www.newgift.com.hk/public_html/system/journal2/classes/journal2_cache.php on line 117
2018-03-02 22:42:02 - PHP Warning:  unlink(/srv/www/www.newgift.com.hk/public_html/journal-cache/1520030440_j2_config_mega_menu_sk2_s0_l2_cUSD_u0_desktop_noprice_2.9.8_e4ca763acbea90b1ac34587150f8fac6.cache.html): No such file or directory in /srv/www/www.newgift.com.hk/public_html/system/journal2/classes/journal2_cache.php on line 117
2018-03-12 22:54:26 - PHP Warning:  unlink(/srv/www/www.newgift.com.hk/public_html/journal-cache/1520893620_j2_config_primary_menu_sk2_s0_l2_cUSD_u0_mobile_noprice_2.9.8_e4ca763acbea90b1ac34587150f8fac6.cache.html): No such file or directory in /srv/www/www.newgift.com.hk/public_html/system/journal2/classes/journal2_cache.php on line 117
2018-04-29 19:04:36 - PHP Warning:  unlink(/srv/www/www.newgift.com.hk/public_html/journal-cache/1525028597_j2_config_primary_menu_sk2_s0_l2_cUSD_u0_desktop_noprice_2.9.8_e4ca763acbea90b1ac34587150f8fac6.cache.html): No such file or directory in /srv/www/www.newgift.com.hk/public_html/system/journal2/classes/journal2_cache.php on line 117
2018-12-08 11:09:48 - PHP Warning:  fopen(/srv/www/www.newgift.com.hk/public_html/system/storage/session//sess_6443baab3f3eca1cb4ac8b5208): failed to open stream: Permission denied in /srv/www/www.newgift.com.hk/public_html/system/library/session/file.php on line 29
2018-12-08 11:09:48 - PHP Warning:  flock() expects parameter 1 to be resource, boolean given in /srv/www/www.newgift.com.hk/public_html/system/library/session/file.php on line 31
2018-12-08 11:09:48 - PHP Warning:  fwrite() expects parameter 1 to be resource, boolean given in /srv/www/www.newgift.com.hk/public_html/system/library/session/file.php on line 33
2018-12-08 11:09:48 - PHP Warning:  fflush() expects parameter 1 to be resource, boolean given in /srv/www/www.newgift.com.hk/public_html/system/library/session/file.php on line 35
2018-12-08 11:09:48 - PHP Warning:  flock() expects parameter 1 to be resource, boolean given in /srv/www/www.newgift.com.hk/public_html/system/library/session/file.php on line 37
2018-12-08 11:09:48 - PHP Warning:  fclose() expects parameter 1 to be resource, boolean given in /srv/www/www.newgift.com.hk/public_html/system/library/session/file.php on line 39
2018-12-08 11:09:49 - PHP Warning:  fopen(/srv/www/www.newgift.com.hk/public_html/system/storage/session//sess_6443baab3f3eca1cb4ac8b5208): failed to open stream: Permission denied in /srv/www/www.newgift.com.hk/public_html/system/library/session/file.php on line 29
2018-12-08 11:09:49 - PHP Warning:  flock() expects parameter 1 to be resource, boolean given in /srv/www/www.newgift.com.hk/public_html/system/library/session/file.php on line 31
2018-12-08 11:09:49 - PHP Warning:  fwrite() expects parameter 1 to be resource, boolean given in /srv/www/www.newgift.com.hk/public_html/system/library/session/file.php on line 33
2018-12-08 11:09:49 - PHP Warning:  fflush() expects parameter 1 to be resource, boolean given in /srv/www/www.newgift.com.hk/public_html/system/library/session/file.php on line 35
2018-12-08 11:09:49 - PHP Warning:  flock() expects parameter 1 to be resource, boolean given in /srv/www/www.newgift.com.hk/public_html/system/library/session/file.php on line 37
2018-12-08 11:09:49 - PHP Warning:  fclose() expects parameter 1 to be resource, boolean given in /srv/www/www.newgift.com.hk/public_html/system/library/session/file.php on line 39
